# JRE version: Java(TM) SE Runtime Environment (8.0_71-b15) (build 1.8.0_71-b15)
# Java VM: Java HotSpot(TM) 64-Bit Server VM (25.71-b15 mixed mode bsd-amd64 compressed oops)
Heap:
 PSYoungGen      total 129024K, used 75018K [0x0000000795580000, 0x000000079fc80000, 0x00000007c0000000)
  eden space 117760K, 54% used [0x0000000795580000,0x00000007993fa818,0x000000079c880000)
  from space 11264K, 98% used [0x000000079c980000,0x000000079d4480a0,0x000000079d480000)
  to   space 26624K, 0% used [0x000000079e280000,0x000000079e280000,0x000000079fc80000)
 ParOldGen       total 128000K, used 40297K [0x0000000740000000, 0x0000000747d00000, 0x0000000795580000)
  object space 128000K, 31% used [0x0000000740000000,0x000000074275a420,0x0000000747d00000)
 Metaspace       used 12868K, capacity 13005K, committed 13184K, reserved 1060864K
  class space    used 1324K, capacity 1377K, committed 1408K, reserved 1048576K
GC Heap History (10 events):
Event: 1.941 GC heap before
{Heap before GC invocations=4 (full 0):
 PSYoungGen      total 38400K, used 32590K [0x0000000795580000, 0x000000079a080000, 0x00000007c0000000)
  eden space 33280K, 94% used [0x0000000795580000,0x000000079743fa98,0x0000000797600000)
  from space 5120K, 21% used [0x0000000797600000,0x0000000797714010,0x0000000797b00000)
  to   space 5120K, 0% used [0x0000000799b80000,0x0000000799b80000,0x000000079a080000)
 ParOldGen       total 87552K, used 16901K [0x0000000740000000, 0x0000000745580000, 0x0000000795580000)
  object space 87552K, 19% used [0x0000000740000000,0x00000007410815b0,0x0000000745580000)
 Metaspace       used 5330K, capacity 5440K, committed 5632K, reserved 1056768K
  class space    used 604K, capacity 664K, committed 768K, reserved 1048576K
Event: 1.947 GC heap after
Heap after GC invocations=4 (full 0):
 PSYoungGen      total 71680K, used 1168K [0x0000000795580000, 0x000000079a080000, 0x00000007c0000000)
  eden space 66560K, 0% used [0x0000000795580000,0x0000000795580000,0x0000000799680000)
  from space 5120K, 22% used [0x0000000799b80000,0x0000000799ca4030,0x000000079a080000)
  to   space 5120K, 0% used [0x0000000799680000,0x0000000799680000,0x0000000799b80000)
 ParOldGen       total 87552K, used 25101K [0x0000000740000000, 0x0000000745580000, 0x0000000795580000)
  object space 87552K, 28% used [0x0000000740000000,0x00000007418835c0,0x0000000745580000)
 Metaspace       used 5330K, capacity 5440K, committed 5632K, reserved 1056768K
  class space    used 604K, capacity 664K, committed 768K, reserved 1048576K
}
Event: 3.060 GC heap before
{Heap before GC invocations=5 (full 0):
 PSYoungGen      total 71680K, used 67728K [0x0000000795580000, 0x000000079a080000, 0x00000007c0000000)
  eden space 66560K, 100% used [0x0000000795580000,0x0000000799680000,0x0000000799680000)
  from space 5120K, 22% used [0x0000000799b80000,0x0000000799ca4030,0x000000079a080000)
  to   space 5120K, 0% used [0x0000000799680000,0x0000000799680000,0x0000000799b80000)
 ParOldGen       total 87552K, used 25101K [0x0000000740000000, 0x0000000745580000, 0x0000000795580000)
  object space 87552K, 28% used [0x0000000740000000,0x00000007418835c0,0x0000000745580000)
 Metaspace       used 11380K, capacity 11521K, committed 11776K, reserved 1060864K
  class space    used 1201K, capacity 1247K, committed 1280K, reserved 1048576K
Event: 3.097 GC heap after
Heap after GC invocations=5 (full 0):
 PSYoungGen      total 71680K, used 5110K [0x0000000795580000, 0x00000007a1580000, 0x00000007c0000000)
  eden space 66560K, 0% used [0x0000000795580000,0x0000000795580000,0x0000000799680000)
  from space 5120K, 99% used [0x0000000799680000,0x0000000799b7d888,0x0000000799b80000)
  to   space 31744K, 0% used [0x000000079f680000,0x000000079f680000,0x00000007a1580000)
 ParOldGen       total 87552K, used 60574K [0x0000000740000000, 0x0000000745580000, 0x0000000795580000)
  object space 87552K, 69% used [0x0000000740000000,0x0000000743b27870,0x0000000745580000)
 Metaspace       used 11380K, capacity 11521K, committed 11776K, reserved 1060864K
  class space    used 1201K, capacity 1247K, committed 1280K, reserved 1048576K
}
Event: 3.097 GC heap before
{Heap before GC invocations=6 (full 1):
 PSYoungGen      total 71680K, used 5110K [0x0000000795580000, 0x00000007a1580000, 0x00000007c0000000)
  eden space 66560K, 0% used [0x0000000795580000,0x0000000795580000,0x0000000799680000)
  from space 5120K, 99% used [0x0000000799680000,0x0000000799b7d888,0x0000000799b80000)
  to   space 31744K, 0% used [0x000000079f680000,0x000000079f680000,0x00000007a1580000)
 ParOldGen       total 87552K, used 60574K [0x0000000740000000, 0x0000000745580000, 0x0000000795580000)
  object space 87552K, 69% used [0x0000000740000000,0x0000000743b27870,0x0000000745580000)
 Metaspace       used 11380K, capacity 11521K, committed 11776K, reserved 1060864K
  class space    used 1201K, capacity 1247K, committed 1280K, reserved 1048576K
Event: 3.210 GC heap after
Heap after GC invocations=6 (full 1):
 PSYoungGen      total 71680K, used 0K [0x0000000795580000, 0x00000007a1580000, 0x00000007c0000000)
  eden space 66560K, 0% used [0x0000000795580000,0x0000000795580000,0x0000000799680000)
  from space 5120K, 0% used [0x0000000799680000,0x0000000799680000,0x0000000799b80000)
  to   space 31744K, 0% used [0x000000079f680000,0x000000079f680000,0x00000007a1580000)
 ParOldGen       total 128000K, used 40281K [0x0000000740000000, 0x0000000747d00000, 0x0000000795580000)
  object space 128000K, 31% used [0x0000000740000000,0x0000000742756420,0x0000000747d00000)
 Metaspace       used 11380K, capacity 11521K, committed 11776K, reserved 1060864K
  class space    used 1201K, capacity 1247K, committed 1280K, reserved 1048576K
}
Event: 16.367 GC heap before
{Heap before GC invocations=7 (full 1):
 PSYoungGen      total 71680K, used 66560K [0x0000000795580000, 0x00000007a1580000, 0x00000007c0000000)
  eden space 66560K, 100% used [0x0000000795580000,0x0000000799680000,0x0000000799680000)
  from space 5120K, 0% used [0x0000000799680000,0x0000000799680000,0x0000000799b80000)
  to   space 31744K, 0% used [0x000000079f680000,0x000000079f680000,0x00000007a1580000)
 ParOldGen       total 128000K, used 40281K [0x0000000740000000, 0x0000000747d00000, 0x0000000795580000)
  object space 128000K, 31% used [0x0000000740000000,0x0000000742756420,0x0000000747d00000)
 Metaspace       used 12545K, capacity 12717K, committed 12928K, reserved 1060864K
  class space    used 1292K, capacity 1345K, committed 1408K, reserved 1048576K
Event: 16.373 GC heap after
Heap after GC invocations=7 (full 1):
 PSYoungGen      total 99328K, used 10993K [0x0000000795580000, 0x00000007a0180000, 0x00000007c0000000)
  eden space 88064K, 0% used [0x0000000795580000,0x0000000795580000,0x000000079ab80000)
  from space 11264K, 97% used [0x000000079f680000,0x00000007a013c7f0,0x00000007a0180000)
  to   space 28672K, 0% used [0x000000079c980000,0x000000079c980000,0x000000079e580000)
 ParOldGen       total 128000K, used 40289K [0x0000000740000000, 0x0000000747d00000, 0x0000000795580000)
  object space 128000K, 31% used [0x0000000740000000,0x0000000742758420,0x0000000747d00000)
 Metaspace       used 12545K, capacity 12717K, committed 12928K, reserved 1060864K
  class space    used 1292K, capacity 1345K, committed 1408K, reserved 1048576K
}
Event: 16.656 GC heap before
{Heap before GC invocations=8 (full 1):
 PSYoungGen      total 99328K, used 99057K [0x0000000795580000, 0x00000007a0180000, 0x00000007c0000000)
  eden space 88064K, 100% used [0x0000000795580000,0x000000079ab80000,0x000000079ab80000)
  from space 11264K, 97% used [0x000000079f680000,0x00000007a013c7f0,0x00000007a0180000)
  to   space 28672K, 0% used [0x000000079c980000,0x000000079c980000,0x000000079e580000)
 ParOldGen       total 128000K, used 40289K [0x0000000740000000, 0x0000000747d00000, 0x0000000795580000)
  object space 128000K, 31% used [0x0000000740000000,0x0000000742758420,0x0000000747d00000)
 Metaspace       used 12588K, capacity 12781K, committed 12928K, reserved 1060864K
  class space    used 1292K, capacity 1345K, committed 1408K, reserved 1048576K
Event: 16.662 GC heap after
Heap after GC invocations=8 (full 1):
 PSYoungGen      total 129024K, used 11040K [0x0000000795580000, 0x000000079fc80000, 0x00000007c0000000)
  eden space 117760K, 0% used [0x0000000795580000,0x0000000795580000,0x000000079c880000)
  from space 11264K, 98% used [0x000000079c980000,0x000000079d4480a0,0x000000079d480000)
  to   space 26624K, 0% used [0x000000079e280000,0x000000079e280000,0x000000079fc80000)
 ParOldGen       total 128000K, used 40297K [0x0000000740000000, 0x0000000747d00000, 0x0000000795580000)
  object space 128000K, 31% used [0x0000000740000000,0x000000074275a420,0x0000000747d00000)
 Metaspace       used 12588K, capacity 12781K, committed 12928K, reserved 1060864K
  class space    used 1292K, capacity 1345K, committed 1408K, reserved 1048576K
}

