# JRE version: Java(TM) SE Runtime Environment (8.0_71-b15) (build 1.8.0_71-b15)
# Java VM: Java HotSpot(TM) 64-Bit Server VM (25.71-b15 mixed mode bsd-amd64 compressed oops)
Heap:
 PSYoungGen      total 138240K, used 15750K [0x0000000795580000, 0x00000007a9280000, 0x00000007c0000000)
  eden space 133120K, 7% used [0x0000000795580000,0x0000000795fe3a38,0x000000079d780000)
  from space 5120K, 99% used [0x000000079d780000,0x000000079dc7e040,0x000000079dc80000)
  to   space 29184K, 0% used [0x00000007a7600000,0x00000007a7600000,0x00000007a9280000)
 ParOldGen       total 87552K, used 62983K [0x0000000740000000, 0x0000000745580000, 0x0000000795580000)
  object space 87552K, 71% used [0x0000000740000000,0x0000000743d81c48,0x0000000745580000)
 Metaspace       used 12869K, capacity 13061K, committed 13184K, reserved 1060864K
  class space    used 1324K, capacity 1377K, committed 1408K, reserved 1048576K
GC Heap History (10 events):
Event: 0.646 GC heap before
{Heap before GC invocations=1 (full 0):
 PSYoungGen      total 38400K, used 33280K [0x0000000795580000, 0x0000000798000000, 0x00000007c0000000)
  eden space 33280K, 100% used [0x0000000795580000,0x0000000797600000,0x0000000797600000)
  from space 5120K, 0% used [0x0000000797b00000,0x0000000797b00000,0x0000000798000000)
  to   space 5120K, 0% used [0x0000000797600000,0x0000000797600000,0x0000000797b00000)
 ParOldGen       total 87552K, used 0K [0x0000000740000000, 0x0000000745580000, 0x0000000795580000)
  object space 87552K, 0% used [0x0000000740000000,0x0000000740000000,0x0000000745580000)
 Metaspace       used 6424K, capacity 6648K, committed 6784K, reserved 1056768K
  class space    used 700K, capacity 792K, committed 896K, reserved 1048576K
Event: 0.665 GC heap after
Heap after GC invocations=1 (full 0):
 PSYoungGen      total 38400K, used 5104K [0x0000000795580000, 0x000000079a080000, 0x00000007c0000000)
  eden space 33280K, 0% used [0x0000000795580000,0x0000000795580000,0x0000000797600000)
  from space 5120K, 99% used [0x0000000797600000,0x0000000797afc030,0x0000000797b00000)
  to   space 5120K, 0% used [0x0000000799b80000,0x0000000799b80000,0x000000079a080000)
 ParOldGen       total 87552K, used 20118K [0x0000000740000000, 0x0000000745580000, 0x0000000795580000)
  object space 87552K, 22% used [0x0000000740000000,0x00000007413a5b48,0x0000000745580000)
 Metaspace       used 6424K, capacity 6648K, committed 6784K, reserved 1056768K
  class space    used 700K, capacity 792K, committed 896K, reserved 1048576K
}
Event: 1.722 GC heap before
{Heap before GC invocations=2 (full 0):
 PSYoungGen      total 38400K, used 38158K [0x0000000795580000, 0x000000079a080000, 0x00000007c0000000)
  eden space 33280K, 99% used [0x0000000795580000,0x00000007975c7920,0x0000000797600000)
  from space 5120K, 99% used [0x0000000797600000,0x0000000797afc030,0x0000000797b00000)
  to   space 5120K, 0% used [0x0000000799b80000,0x0000000799b80000,0x000000079a080000)
 ParOldGen       total 87552K, used 20118K [0x0000000740000000, 0x0000000745580000, 0x0000000795580000)
  object space 87552K, 22% used [0x0000000740000000,0x00000007413a5b48,0x0000000745580000)
 Metaspace       used 11448K, capacity 11673K, committed 11776K, reserved 1060864K
  class space    used 1210K, capacity 1279K, committed 1280K, reserved 1048576K
Event: 1.738 GC heap after
Heap after GC invocations=2 (full 0):
 PSYoungGen      total 71680K, used 5096K [0x0000000795580000, 0x000000079a080000, 0x00000007c0000000)
  eden space 66560K, 0% used [0x0000000795580000,0x0000000795580000,0x0000000799680000)
  from space 5120K, 99% used [0x0000000799b80000,0x000000079a07a168,0x000000079a080000)
  to   space 5120K, 0% used [0x0000000799680000,0x0000000799680000,0x0000000799b80000)
 ParOldGen       total 87552K, used 39042K [0x0000000740000000, 0x0000000745580000, 0x0000000795580000)
  object space 87552K, 44% used [0x0000000740000000,0x0000000742620b58,0x0000000745580000)
 Metaspace       used 11448K, capacity 11673K, committed 11776K, reserved 1060864K
  class space    used 1210K, capacity 1279K, committed 1280K, reserved 1048576K
}
Event: 2.556 GC heap before
{Heap before GC invocations=3 (full 0):
 PSYoungGen      total 71680K, used 59775K [0x0000000795580000, 0x000000079a080000, 0x00000007c0000000)
  eden space 66560K, 82% used [0x0000000795580000,0x0000000798ae5e90,0x0000000799680000)
  from space 5120K, 99% used [0x0000000799b80000,0x000000079a07a168,0x000000079a080000)
  to   space 5120K, 0% used [0x0000000799680000,0x0000000799680000,0x0000000799b80000)
 ParOldGen       total 87552K, used 39042K [0x0000000740000000, 0x0000000745580000, 0x0000000795580000)
  object space 87552K, 44% used [0x0000000740000000,0x0000000742620b58,0x0000000745580000)
 Metaspace       used 12073K, capacity 12261K, committed 12416K, reserved 1060864K
  class space    used 1270K, capacity 1345K, committed 1408K, reserved 1048576K
Event: 2.568 GC heap after
Heap after GC invocations=3 (full 0):
 PSYoungGen      total 71680K, used 5110K [0x0000000795580000, 0x000000079e180000, 0x00000007c0000000)
  eden space 66560K, 0% used [0x0000000795580000,0x0000000795580000,0x0000000799680000)
  from space 5120K, 99% used [0x0000000799680000,0x0000000799b7d858,0x0000000799b80000)
  to   space 5120K, 0% used [0x000000079dc80000,0x000000079dc80000,0x000000079e180000)
 ParOldGen       total 87552K, used 47787K [0x0000000740000000, 0x0000000745580000, 0x0000000795580000)
  object space 87552K, 54% used [0x0000000740000000,0x0000000742eaad40,0x0000000745580000)
 Metaspace       used 12073K, capacity 12261K, committed 12416K, reserved 1060864K
  class space    used 1270K, capacity 1345K, committed 1408K, reserved 1048576K
}
Event: 4.708 GC heap before
{Heap before GC invocations=4 (full 0):
 PSYoungGen      total 71680K, used 71670K [0x0000000795580000, 0x000000079e180000, 0x00000007c0000000)
  eden space 66560K, 100% used [0x0000000795580000,0x0000000799680000,0x0000000799680000)
  from space 5120K, 99% used [0x0000000799680000,0x0000000799b7d858,0x0000000799b80000)
  to   space 5120K, 0% used [0x000000079dc80000,0x000000079dc80000,0x000000079e180000)
 ParOldGen       total 87552K, used 47787K [0x0000000740000000, 0x0000000745580000, 0x0000000795580000)
  object space 87552K, 54% used [0x0000000740000000,0x0000000742eaad40,0x0000000745580000)
 Metaspace       used 12429K, capacity 12645K, committed 12928K, reserved 1060864K
  class space    used 1293K, capacity 1345K, committed 1408K, reserved 1048576K
Event: 4.721 GC heap after
Heap after GC invocations=4 (full 0):
 PSYoungGen      total 138240K, used 5110K [0x0000000795580000, 0x000000079e180000, 0x00000007c0000000)
  eden space 133120K, 0% used [0x0000000795580000,0x0000000795580000,0x000000079d780000)
  from space 5120K, 99% used [0x000000079dc80000,0x000000079e17d888,0x000000079e180000)
  to   space 5120K, 0% used [0x000000079d780000,0x000000079d780000,0x000000079dc80000)
 ParOldGen       total 87552K, used 54188K [0x0000000740000000, 0x0000000745580000, 0x0000000795580000)
  object space 87552K, 61% used [0x0000000740000000,0x00000007434eb358,0x0000000745580000)
 Metaspace       used 12429K, capacity 12645K, committed 12928K, reserved 1060864K
  class space    used 1293K, capacity 1345K, committed 1408K, reserved 1048576K
}
Event: 63.603 GC heap before
{Heap before GC invocations=5 (full 0):
 PSYoungGen      total 138240K, used 138230K [0x0000000795580000, 0x000000079e180000, 0x00000007c0000000)
  eden space 133120K, 100% used [0x0000000795580000,0x000000079d780000,0x000000079d780000)
  from space 5120K, 99% used [0x000000079dc80000,0x000000079e17d888,0x000000079e180000)
  to   space 5120K, 0% used [0x000000079d780000,0x000000079d780000,0x000000079dc80000)
 ParOldGen       total 87552K, used 54188K [0x0000000740000000, 0x0000000745580000, 0x0000000795580000)
  object space 87552K, 61% used [0x0000000740000000,0x00000007434eb358,0x0000000745580000)
 Metaspace       used 12862K, capacity 13061K, committed 13184K, reserved 1060864K
  class space    used 1324K, capacity 1377K, committed 1408K, reserved 1048576K
Event: 63.616 GC heap after
Heap after GC invocations=5 (full 0):
 PSYoungGen      total 138240K, used 5112K [0x0000000795580000, 0x00000007a9280000, 0x00000007c0000000)
  eden space 133120K, 0% used [0x0000000795580000,0x0000000795580000,0x000000079d780000)
  from space 5120K, 99% used [0x000000079d780000,0x000000079dc7e040,0x000000079dc80000)
  to   space 29184K, 0% used [0x00000007a7600000,0x00000007a7600000,0x00000007a9280000)
 ParOldGen       total 87552K, used 62983K [0x0000000740000000, 0x0000000745580000, 0x0000000795580000)
  object space 87552K, 71% used [0x0000000740000000,0x0000000743d81c48,0x0000000745580000)
 Metaspace       used 12862K, capacity 13061K, committed 13184K, reserved 1060864K
  class space    used 1324K, capacity 1377K, committed 1408K, reserved 1048576K
}

