# JRE version: Java(TM) SE Runtime Environment (8.0_71-b15) (build 1.8.0_71-b15)
# Java VM: Java HotSpot(TM) 64-Bit Server VM (25.71-b15 mixed mode bsd-amd64 compressed oops)
Heap:
 PSYoungGen      total 290816K, used 216905K [0x0000000795580000, 0x00000007a8f80000, 0x00000007c0000000)
  eden space 266240K, 76% used [0x0000000795580000,0x00000007a1cba468,0x00000007a5980000)
  from space 24576K, 52% used [0x00000007a7780000,0x00000007a84180b0,0x00000007a8f80000)
  to   space 27648K, 0% used [0x00000007a5980000,0x00000007a5980000,0x00000007a7480000)
 ParOldGen       total 87552K, used 49668K [0x0000000740000000, 0x0000000745580000, 0x0000000795580000)
  object space 87552K, 56% used [0x0000000740000000,0x00000007430812b0,0x0000000745580000)
 Metaspace       used 12947K, capacity 13075K, committed 13184K, reserved 1060864K
  class space    used 1327K, capacity 1378K, committed 1408K, reserved 1048576K
GC Heap History (10 events):
Event: 2.946 GC heap before
{Heap before GC invocations=2 (full 0):
 PSYoungGen      total 38400K, used 35272K [0x0000000795580000, 0x000000079a080000, 0x00000007c0000000)
  eden space 33280K, 90% used [0x0000000795580000,0x00000007972fa0d0,0x0000000797600000)
  from space 5120K, 99% used [0x0000000797600000,0x0000000797af8040,0x0000000797b00000)
  to   space 5120K, 0% used [0x0000000799b80000,0x0000000799b80000,0x000000079a080000)
 ParOldGen       total 87552K, used 20059K [0x0000000740000000, 0x0000000745580000, 0x0000000795580000)
  object space 87552K, 22% used [0x0000000740000000,0x0000000741396f28,0x0000000745580000)
 Metaspace       used 11459K, capacity 11713K, committed 11904K, reserved 1060864K
  class space    used 1211K, capacity 1311K, committed 1408K, reserved 1048576K
Event: 2.965 GC heap after
Heap after GC invocations=2 (full 0):
 PSYoungGen      total 71680K, used 5104K [0x0000000795580000, 0x000000079a080000, 0x00000007c0000000)
  eden space 66560K, 0% used [0x0000000795580000,0x0000000795580000,0x0000000799680000)
  from space 5120K, 99% used [0x0000000799b80000,0x000000079a07c020,0x000000079a080000)
  to   space 5120K, 0% used [0x0000000799680000,0x0000000799680000,0x0000000799b80000)
 ParOldGen       total 87552K, used 37045K [0x0000000740000000, 0x0000000745580000, 0x0000000795580000)
  object space 87552K, 42% used [0x0000000740000000,0x000000074242d468,0x0000000745580000)
 Metaspace       used 11459K, capacity 11713K, committed 11904K, reserved 1060864K
  class space    used 1211K, capacity 1311K, committed 1408K, reserved 1048576K
}
Event: 4.016 GC heap before
{Heap before GC invocations=3 (full 0):
 PSYoungGen      total 71680K, used 63722K [0x0000000795580000, 0x000000079a080000, 0x00000007c0000000)
  eden space 66560K, 88% used [0x0000000795580000,0x0000000798ebea98,0x0000000799680000)
  from space 5120K, 99% used [0x0000000799b80000,0x000000079a07c020,0x000000079a080000)
  to   space 5120K, 0% used [0x0000000799680000,0x0000000799680000,0x0000000799b80000)
 ParOldGen       total 87552K, used 37045K [0x0000000740000000, 0x0000000745580000, 0x0000000795580000)
  object space 87552K, 42% used [0x0000000740000000,0x000000074242d468,0x0000000745580000)
 Metaspace       used 12081K, capacity 12265K, committed 12416K, reserved 1060864K
  class space    used 1271K, capacity 1345K, committed 1408K, reserved 1048576K
Event: 4.028 GC heap after
Heap after GC invocations=3 (full 0):
 PSYoungGen      total 71680K, used 3750K [0x0000000795580000, 0x000000079e180000, 0x00000007c0000000)
  eden space 66560K, 0% used [0x0000000795580000,0x0000000795580000,0x0000000799680000)
  from space 5120K, 73% used [0x0000000799680000,0x0000000799a29a70,0x0000000799b80000)
  to   space 5120K, 0% used [0x000000079dc80000,0x000000079dc80000,0x000000079e180000)
 ParOldGen       total 87552K, used 45245K [0x0000000740000000, 0x0000000745580000, 0x0000000795580000)
  object space 87552K, 51% used [0x0000000740000000,0x0000000742c2f478,0x0000000745580000)
 Metaspace       used 12081K, capacity 12265K, committed 12416K, reserved 1060864K
  class space    used 1271K, capacity 1345K, committed 1408K, reserved 1048576K
}
Event: 6.512 GC heap before
{Heap before GC invocations=4 (full 0):
 PSYoungGen      total 71680K, used 70310K [0x0000000795580000, 0x000000079e180000, 0x00000007c0000000)
  eden space 66560K, 100% used [0x0000000795580000,0x0000000799680000,0x0000000799680000)
  from space 5120K, 73% used [0x0000000799680000,0x0000000799a29a70,0x0000000799b80000)
  to   space 5120K, 0% used [0x000000079dc80000,0x000000079dc80000,0x000000079e180000)
 ParOldGen       total 87552K, used 45245K [0x0000000740000000, 0x0000000745580000, 0x0000000795580000)
  object space 87552K, 51% used [0x0000000740000000,0x0000000742c2f478,0x0000000745580000)
 Metaspace       used 12457K, capacity 12653K, committed 12928K, reserved 1060864K
  class space    used 1294K, capacity 1345K, committed 1408K, reserved 1048576K
Event: 6.524 GC heap after
Heap after GC invocations=4 (full 0):
 PSYoungGen      total 138240K, used 5104K [0x0000000795580000, 0x000000079e180000, 0x00000007c0000000)
  eden space 133120K, 0% used [0x0000000795580000,0x0000000795580000,0x000000079d780000)
  from space 5120K, 99% used [0x000000079dc80000,0x000000079e17c030,0x000000079e180000)
  to   space 5120K, 0% used [0x000000079d780000,0x000000079d780000,0x000000079dc80000)
 ParOldGen       total 87552K, used 49652K [0x0000000740000000, 0x0000000745580000, 0x0000000795580000)
  object space 87552K, 56% used [0x0000000740000000,0x000000074307d2b0,0x0000000745580000)
 Metaspace       used 12457K, capacity 12653K, committed 12928K, reserved 1060864K
  class space    used 1294K, capacity 1345K, committed 1408K, reserved 1048576K
}
Event: 6.968 GC heap before
{Heap before GC invocations=5 (full 0):
 PSYoungGen      total 138240K, used 138224K [0x0000000795580000, 0x000000079e180000, 0x00000007c0000000)
  eden space 133120K, 100% used [0x0000000795580000,0x000000079d780000,0x000000079d780000)
  from space 5120K, 99% used [0x000000079dc80000,0x000000079e17c030,0x000000079e180000)
  to   space 5120K, 0% used [0x000000079d780000,0x000000079d780000,0x000000079dc80000)
 ParOldGen       total 87552K, used 49652K [0x0000000740000000, 0x0000000745580000, 0x0000000795580000)
  object space 87552K, 56% used [0x0000000740000000,0x000000074307d2b0,0x0000000745580000)
 Metaspace       used 12523K, capacity 12717K, committed 12928K, reserved 1060864K
  class space    used 1294K, capacity 1345K, committed 1408K, reserved 1048576K
Event: 6.982 GC heap after
Heap after GC invocations=5 (full 0):
 PSYoungGen      total 138240K, used 4712K [0x0000000795580000, 0x00000007a9580000, 0x00000007c0000000)
  eden space 133120K, 0% used [0x0000000795580000,0x0000000795580000,0x000000079d780000)
  from space 5120K, 92% used [0x000000079d780000,0x000000079dc1a030,0x000000079dc80000)
  to   space 30720K, 0% used [0x00000007a7780000,0x00000007a7780000,0x00000007a9580000)
 ParOldGen       total 87552K, used 49660K [0x0000000740000000, 0x0000000745580000, 0x0000000795580000)
  object space 87552K, 56% used [0x0000000740000000,0x000000074307f2b0,0x0000000745580000)
 Metaspace       used 12523K, capacity 12717K, committed 12928K, reserved 1060864K
  class space    used 1294K, capacity 1345K, committed 1408K, reserved 1048576K
}
Event: 63.604 GC heap before
{Heap before GC invocations=6 (full 0):
 PSYoungGen      total 138240K, used 137832K [0x0000000795580000, 0x00000007a9580000, 0x00000007c0000000)
  eden space 133120K, 100% used [0x0000000795580000,0x000000079d780000,0x000000079d780000)
  from space 5120K, 92% used [0x000000079d780000,0x000000079dc1a030,0x000000079dc80000)
  to   space 30720K, 0% used [0x00000007a7780000,0x00000007a7780000,0x00000007a9580000)
 ParOldGen       total 87552K, used 49660K [0x0000000740000000, 0x0000000745580000, 0x0000000795580000)
  object space 87552K, 56% used [0x0000000740000000,0x000000074307f2b0,0x0000000745580000)
 Metaspace       used 12911K, capacity 13069K, committed 13184K, reserved 1060864K
  class space    used 1325K, capacity 1377K, committed 1408K, reserved 1048576K
Event: 63.615 GC heap after
Heap after GC invocations=6 (full 0):
 PSYoungGen      total 290816K, used 12896K [0x0000000795580000, 0x00000007a8f80000, 0x00000007c0000000)
  eden space 266240K, 0% used [0x0000000795580000,0x0000000795580000,0x00000007a5980000)
  from space 24576K, 52% used [0x00000007a7780000,0x00000007a84180b0,0x00000007a8f80000)
  to   space 27648K, 0% used [0x00000007a5980000,0x00000007a5980000,0x00000007a7480000)
 ParOldGen       total 87552K, used 49668K [0x0000000740000000, 0x0000000745580000, 0x0000000795580000)
  object space 87552K, 56% used [0x0000000740000000,0x00000007430812b0,0x0000000745580000)
 Metaspace       used 12911K, capacity 13069K, committed 13184K, reserved 1060864K
  class space    used 1325K, capacity 1377K, committed 1408K, reserved 1048576K
}

